 #data for plot histogram
           1   2.4999999441206455E-003   1.1000000245869166     
           2   7.4999998323619366E-003  0.30000000670552268     
           3   1.2499999720603228E-002  0.90000002011656810     
           4   1.7499999608844519E-002   1.1000000245869166     
           5   2.2499999497085810E-002  0.80000001788139385     
           6   2.7499999385327101E-002   1.0000000223517422     
           7   3.2499999273568392E-002  0.60000001341104536     
           8   3.7499999161809683E-002   1.1000000245869166     
           9   4.2499999050050974E-002  0.90000002011656810     
          10   4.7499998938292265E-002   1.1000000245869166     
          11   5.2499998826533556E-002   1.2000000268220907     
          12   5.7499998714774847E-002  0.60000001341104536     
          13   6.2499998603016138E-002   1.0000000223517422     
          14   6.7499998491257429E-002   1.1000000245869166     
          15   7.2499998379498720E-002  0.70000001564621961     
          16   7.7499998267740011E-002   1.3000000290572651     
          17   8.2499998155981302E-002  0.60000001341104536     
          18   8.7499998044222593E-002  0.80000001788139385     
          19   9.2499997932463884E-002  0.40000000894069693     
          20   9.7499997820705175E-002  0.60000001341104536     
          21  0.10249999770894647       0.70000001564621961     
          22  0.10749999759718776        1.1000000245869166     
          23  0.11249999748542905        1.0000000223517422     
          24  0.11749999737367034       0.90000002011656810     
          25  0.12249999726191163       0.90000002011656810     
          26  0.12749999715015292        1.5000000335276134     
          27  0.13249999703839421        1.2000000268220907     
          28  0.13749999692663550       0.50000001117587112     
          29  0.14249999681487679       0.60000001341104536     
          30  0.14749999670311809       0.40000000894069693     
          31  0.15249999659135938       0.50000001117587112     
          32  0.15749999647960067        1.3000000290572651     
          33  0.16249999636784196        1.0000000223517422     
          34  0.16749999625608325       0.90000002011656810     
          35  0.17249999614432454        1.3000000290572651     
          36  0.17749999603256583        1.2000000268220907     
          37  0.18249999592080712       0.50000001117587112     
          38  0.18749999580904841        1.0000000223517422     
          39  0.19249999569728971       0.70000001564621961     
          40  0.19749999558553100       0.70000001564621961     
          41  0.20249999547377229        1.1000000245869166     
          42  0.20749999536201358       0.90000002011656810     
          43  0.21249999525025487       0.90000002011656810     
          44  0.21749999513849616       0.60000001341104536     
          45  0.22249999502673745        1.0000000223517422     
          46  0.22749999491497874       0.70000001564621961     
          47  0.23249999480322003       0.80000001788139385     
          48  0.23749999469146132        1.2000000268220907     
          49  0.24249999457970262       0.80000001788139385     
          50  0.24749999446794391        1.1000000245869166     
          51  0.25249999435618520       0.80000001788139385     
          52  0.25749999424442649       0.40000000894069693     
          53  0.26249999413266778       0.80000001788139385     
          54  0.26749999402090907       0.50000001117587112     
          55  0.27249999390915036       0.30000000670552268     
          56  0.27749999379739165       0.60000001341104536     
          57  0.28249999368563294       0.80000001788139385     
          58  0.28749999357387424       0.20000000447034846     
          59  0.29249999346211553       0.20000000447034846     
          60  0.29749999335035682       0.40000000894069693     
          61  0.30249999323859811       0.40000000894069693     
          62  0.30749999312683940       0.40000000894069693     
          63  0.31249999301508069        1.0000000223517422     
          64  0.31749999290332198       0.80000001788139385     
          65  0.32249999279156327       0.70000001564621961     
          66  0.32749999267980456       0.90000002011656810     
          67  0.33249999256804585       0.60000001341104536     
          68  0.33749999245628715       0.70000001564621961     
          69  0.34249999234452844        1.1000000245869166     
          70  0.34749999223276973        1.3000000290572651     
          71  0.35249999212101102       0.70000001564621961     
          72  0.35749999200925231        1.3000000290572651     
          73  0.36249999189749360       0.60000001341104536     
          74  0.36749999178573489        1.1000000245869166     
          75  0.37249999167397618       0.60000001341104536     
          76  0.37749999156221747       0.40000000894069693     
          77  0.38249999145045877       0.90000002011656810     
          78  0.38749999133870006       0.60000001341104536     
          79  0.39249999122694135       0.70000001564621961     
          80  0.39749999111518264       0.70000001564621961     
          81  0.40249999100342393       0.30000000670552268     
          82  0.40749999089166522       0.20000000447034846     
          83  0.41249999077990651       0.60000001341104536     
          84  0.41749999066814780       0.30000000670552268     
          85  0.42249999055638909       0.60000001341104536     
          86  0.42749999044463038       0.50000001117587112     
          87  0.43249999033287168       0.70000001564621961     
          88  0.43749999022111297       0.30000000670552268     
          89  0.44249999010935426       0.40000000894069693     
          90  0.44749998999759555       0.30000000670552268     
          91  0.45249998988583684       0.90000002011656810     
          92  0.45749998977407813       0.50000001117587112     
          93  0.46249998966231942       0.50000001117587112     
          94  0.46749998955056071       0.70000001564621961     
          95  0.47249998943880200       0.90000002011656810     
          96  0.47749998932704329       0.30000000670552268     
          97  0.48249998921528459        1.0000000223517422     
          98  0.48749998910352588       0.60000001341104536     
          99  0.49249998899176717       0.50000001117587112     
         100  0.49749998888000846       0.90000002011656810     
         101  0.50249998876824975       0.30000000670552268     
         102  0.50749998865649104        1.0000000223517422     
         103  0.51249998854473233       0.90000002011656810     
         104  0.51749998843297362       0.50000001117587112     
         105  0.52249998832121491       0.70000001564621961     
         106  0.52749998820945621       0.60000001341104536     
         107  0.53249998809769750       0.40000000894069693     
         108  0.53749998798593879       0.80000001788139385     
         109  0.54249998787418008       0.50000001117587112     
         110  0.54749998776242137       0.20000000447034846     
         111  0.55249998765066266       0.80000001788139385     
         112  0.55749998753890395       0.30000000670552268     
         113  0.56249998742714524       0.70000001564621961     
         114  0.56749998731538653       0.30000000670552268     
         115  0.57249998720362782       0.40000000894069693     
         116  0.57749998709186912       0.90000002011656810     
         117  0.58249998698011041       0.30000000670552268     
         118  0.58749998686835170       0.30000000670552268     
         119  0.59249998675659299       0.60000001341104536     
         120  0.59749998664483428       0.50000001117587112     
         121  0.60249998653307557       0.60000001341104536     
         122  0.60749998642131686       0.40000000894069693     
         123  0.61249998630955815       0.20000000447034846     
         124  0.61749998619779944       0.20000000447034846     
         125  0.62249998608604074       0.40000000894069693     
         126  0.62749998597428203       0.60000001341104536     
         127  0.63249998586252332       0.40000000894069693     
         128  0.63749998575076461       0.50000001117587112     
         129  0.64249998563900590       0.70000001564621961     
         130  0.64749998552724719       0.70000001564621961     
         131  0.65249998541548848       0.50000001117587112     
         132  0.65749998530372977       0.90000002011656810     
         133  0.66249998519197106       0.60000001341104536     
         134  0.66749998508021235       0.30000000670552268     
         135  0.67249998496845365        1.1000000245869166     
         136  0.67749998485669494       0.60000001341104536     
         137  0.68249998474493623       0.40000000894069693     
         138  0.68749998463317752       0.30000000670552268     
         139  0.69249998452141881       0.30000000670552268     
         140  0.69749998440966010       0.30000000670552268     
         141  0.70249998429790139        1.0000000223517422     
         142  0.70749998418614268       0.30000000670552268     
         143  0.71249998407438397       0.40000000894069693     
         144  0.71749998396262527        1.1000000245869166     
         145  0.72249998385086656       0.70000001564621961     
         146  0.72749998373910785       0.20000000447034846     
         147  0.73249998362734914       0.70000001564621961     
         148  0.73749998351559043       0.40000000894069693     
         149  0.74249998340383172       0.20000000447034846     
         150  0.74749998329207301       0.30000000670552268     
         151  0.75249998318031430       0.60000001341104536     
         152  0.75749998306855559       0.20000000447034846     
         153  0.76249998295679688       0.50000001117587112     
         154  0.76749998284503818       0.30000000670552268     
         155  0.77249998273327947       0.50000001117587112     
         156  0.77749998262152076       0.20000000447034846     
         157  0.78249998250976205       0.80000001788139385     
         158  0.78749998239800334       0.80000001788139385     
         159  0.79249998228624463       0.40000000894069693     
         160  0.79749998217448592       0.40000000894069693     
         161  0.80249998206272721        0.0000000000000000     
         162  0.80749998195096850       0.40000000894069693     
         163  0.81249998183920979       0.60000001341104536     
         164  0.81749998172745109       0.40000000894069693     
         165  0.82249998161569238       0.10000000223517423     
         166  0.82749998150393367       0.30000000670552268     
         167  0.83249998139217496       0.20000000447034846     
         168  0.83749998128041625        0.0000000000000000     
         169  0.84249998116865754       0.70000001564621961     
         170  0.84749998105689883       0.40000000894069693     
         171  0.85249998094514012       0.40000000894069693     
         172  0.85749998083338141       0.60000001341104536     
         173  0.86249998072162271       0.50000001117587112     
         174  0.86749998060986400       0.80000001788139385     
         175  0.87249998049810529       0.40000000894069693     
         176  0.87749998038634658       0.20000000447034846     
         177  0.88249998027458787       0.90000002011656810     
         178  0.88749998016282916       0.20000000447034846     
         179  0.89249998005107045       0.20000000447034846     
         180  0.89749997993931174       0.40000000894069693     
         181  0.90249997982755303       0.60000001341104536     
         182  0.90749997971579432       0.60000001341104536     
         183  0.91249997960403562       0.10000000223517423     
         184  0.91749997949227691       0.70000001564621961     
         185  0.92249997938051820       0.40000000894069693     
         186  0.92749997926875949       0.30000000670552268     
         187  0.93249997915700078       0.50000001117587112     
         188  0.93749997904524207       0.80000001788139385     
         189  0.94249997893348336       0.50000001117587112     
         190  0.94749997882172465       0.30000000670552268     
         191  0.95249997870996594       0.20000000447034846     
         192  0.95749997859820724       0.10000000223517423     
         193  0.96249997848644853       0.60000001341104536     
         194  0.96749997837468982       0.50000001117587112     
         195  0.97249997826293111       0.50000001117587112     
         196  0.97749997815117240       0.40000000894069693     
         197  0.98249997803941369       0.20000000447034846     
         198  0.98749997792765498       0.10000000223517423     
         199  0.99249997781589627       0.20000000447034846     
         200  0.99749997770413756       0.30000000670552268     
         201   1.0024999775923789       0.30000000670552268     
