
 =================================================
 dsm: Execution started on  7-Jan-2019 at 15:08:29   

 read quantum state
 ------------------
   #qu_state #qu_dims/nu #excitation
  GHZ            0/   3   0

 read control parematers
 -----------------------
 #job_type #theta
 strong                                    0.10000000000000001     
 #num_copies  #num_iter
     10000      10

 Plot_histogram
 -----------------------
 #plot_his  #check_cdf #plot_N  #plot_min  #plot_max
     F   T      2000       0.00000       1.00000
 
Print the GHZ           state.
true_state[ 0, 0 ]=   0.44375   0.00000
true_state[ 0, 1 ]=   0.00000   0.00000
true_state[ 0, 2 ]=   0.00000   0.00000
true_state[ 0, 3 ]=   0.00000   0.00000
true_state[ 0, 4 ]=   0.00000   0.00000
true_state[ 0, 5 ]=   0.00000   0.00000
true_state[ 0, 6 ]=   0.00000   0.00000
true_state[ 0, 7 ]=   0.42500   0.00000
true_state[ 1, 0 ]=   0.00000   0.00000
true_state[ 1, 1 ]=   0.01875   0.00000
true_state[ 1, 2 ]=   0.00000   0.00000
true_state[ 1, 3 ]=   0.00000   0.00000
true_state[ 1, 4 ]=   0.00000   0.00000
true_state[ 1, 5 ]=   0.00000   0.00000
true_state[ 1, 6 ]=   0.00000   0.00000
true_state[ 1, 7 ]=   0.00000   0.00000
true_state[ 2, 0 ]=   0.00000   0.00000
true_state[ 2, 1 ]=   0.00000   0.00000
true_state[ 2, 2 ]=   0.01875   0.00000
true_state[ 2, 3 ]=   0.00000   0.00000
true_state[ 2, 4 ]=   0.00000   0.00000
true_state[ 2, 5 ]=   0.00000   0.00000
true_state[ 2, 6 ]=   0.00000   0.00000
true_state[ 2, 7 ]=   0.00000   0.00000
true_state[ 3, 0 ]=   0.00000   0.00000
true_state[ 3, 1 ]=   0.00000   0.00000
true_state[ 3, 2 ]=   0.00000   0.00000
true_state[ 3, 3 ]=   0.01875   0.00000
true_state[ 3, 4 ]=   0.00000   0.00000
true_state[ 3, 5 ]=   0.00000   0.00000
true_state[ 3, 6 ]=   0.00000   0.00000
true_state[ 3, 7 ]=   0.00000   0.00000
true_state[ 4, 0 ]=   0.00000   0.00000
true_state[ 4, 1 ]=   0.00000   0.00000
true_state[ 4, 2 ]=   0.00000   0.00000
true_state[ 4, 3 ]=   0.00000   0.00000
true_state[ 4, 4 ]=   0.01875   0.00000
true_state[ 4, 5 ]=   0.00000   0.00000
true_state[ 4, 6 ]=   0.00000   0.00000
true_state[ 4, 7 ]=   0.00000   0.00000
true_state[ 5, 0 ]=   0.00000   0.00000
true_state[ 5, 1 ]=   0.00000   0.00000
true_state[ 5, 2 ]=   0.00000   0.00000
true_state[ 5, 3 ]=   0.00000   0.00000
true_state[ 5, 4 ]=   0.00000   0.00000
true_state[ 5, 5 ]=   0.01875   0.00000
true_state[ 5, 6 ]=   0.00000   0.00000
true_state[ 5, 7 ]=   0.00000   0.00000
true_state[ 6, 0 ]=   0.00000   0.00000
true_state[ 6, 1 ]=   0.00000   0.00000
true_state[ 6, 2 ]=   0.00000   0.00000
true_state[ 6, 3 ]=   0.00000   0.00000
true_state[ 6, 4 ]=   0.00000   0.00000
true_state[ 6, 5 ]=   0.00000   0.00000
true_state[ 6, 6 ]=   0.01875   0.00000
true_state[ 6, 7 ]=   0.00000   0.00000
true_state[ 7, 0 ]=   0.42500   0.00000
true_state[ 7, 1 ]=   0.00000   0.00000
true_state[ 7, 2 ]=   0.00000   0.00000
true_state[ 7, 3 ]=   0.00000   0.00000
true_state[ 7, 4 ]=   0.00000   0.00000
true_state[ 7, 5 ]=   0.00000   0.00000
true_state[ 7, 6 ]=   0.00000   0.00000
true_state[ 7, 7 ]=   0.44375   0.00000
 Average of histogram  0.60995026238966965     
